2019-04-26 19:58:45.848  INFO 5488 --- [main] com.imooc.passbook.MerchantsApplication  : Starting MerchantsApplication on QH-20190311WHOW with PID 5488 (E:\develop\coding-254\merchants\target\classes started by Administrator in E:\develop\coding-254\merchants)
2019-04-26 19:58:45.851  INFO 5488 --- [main] com.imooc.passbook.MerchantsApplication  : No active profile set, falling back to default profiles: default
2019-04-26 19:58:45.914  INFO 5488 --- [main] ationConfigEmbeddedWebApplicationContext : Refreshing org.springframework.boot.context.embedded.AnnotationConfigEmbeddedWebApplicationContext@7a69b07: startup date [Fri Apr 26 19:58:45 CST 2019]; root of context hierarchy
2019-04-26 19:58:47.383  INFO 5488 --- [main] trationDelegate$BeanPostProcessorChecker : Bean 'org.springframework.kafka.annotation.KafkaBootstrapConfiguration' of type [org.springframework.kafka.annotation.KafkaBootstrapConfiguration$$EnhancerBySpringCGLIB$$585b9219] is not eligible for getting processed by all BeanPostProcessors (for example: not eligible for auto-proxying)
2019-04-26 19:58:47.669  INFO 5488 --- [main] s.b.c.e.t.TomcatEmbeddedServletContainer : Tomcat initialized with port(s): 9527 (http)
2019-04-26 19:58:47.681  INFO 5488 --- [main] o.apache.catalina.core.StandardService   : Starting service Tomcat
2019-04-26 19:58:47.682  INFO 5488 --- [main] org.apache.catalina.core.StandardEngine  : Starting Servlet Engine: Apache Tomcat/8.5.14
2019-04-26 19:58:47.782  INFO 5488 --- [localhost-startStop-1] o.a.c.c.C.[Tomcat].[localhost].[/]       : Initializing Spring embedded WebApplicationContext
2019-04-26 19:58:47.782  INFO 5488 --- [localhost-startStop-1] o.s.web.context.ContextLoader            : Root WebApplicationContext: initialization completed in 1872 ms
2019-04-26 19:58:47.909  INFO 5488 --- [localhost-startStop-1] o.s.b.w.servlet.ServletRegistrationBean  : Mapping servlet: 'dispatcherServlet' to [/]
2019-04-26 19:58:47.915  INFO 5488 --- [localhost-startStop-1] o.s.b.w.servlet.FilterRegistrationBean   : Mapping filter: 'characterEncodingFilter' to: [/*]
2019-04-26 19:58:47.916  INFO 5488 --- [localhost-startStop-1] o.s.b.w.servlet.FilterRegistrationBean   : Mapping filter: 'hiddenHttpMethodFilter' to: [/*]
2019-04-26 19:58:47.916  INFO 5488 --- [localhost-startStop-1] o.s.b.w.servlet.FilterRegistrationBean   : Mapping filter: 'httpPutFormContentFilter' to: [/*]
2019-04-26 19:58:47.917  INFO 5488 --- [localhost-startStop-1] o.s.b.w.servlet.FilterRegistrationBean   : Mapping filter: 'requestContextFilter' to: [/*]
2019-04-26 19:58:48.520  INFO 5488 --- [main] j.LocalContainerEntityManagerFactoryBean : Building JPA container EntityManagerFactory for persistence unit 'default'
2019-04-26 19:58:48.535  INFO 5488 --- [main] o.hibernate.jpa.internal.util.LogHelper  : HHH000204: Processing PersistenceUnitInfo [
	name: default
	...]
2019-04-26 19:58:48.626  INFO 5488 --- [main] org.hibernate.Version                    : HHH000412: Hibernate Core {5.0.12.Final}
2019-04-26 19:58:48.627  INFO 5488 --- [main] org.hibernate.cfg.Environment            : HHH000206: hibernate.properties not found
2019-04-26 19:58:48.629  INFO 5488 --- [main] org.hibernate.cfg.Environment            : HHH000021: Bytecode provider name : javassist
2019-04-26 19:58:48.671  INFO 5488 --- [main] o.hibernate.annotations.common.Version   : HCANN000001: Hibernate Commons Annotations {5.0.1.Final}
2019-04-26 19:58:48.791  INFO 5488 --- [main] org.hibernate.dialect.Dialect            : HHH000400: Using dialect: org.hibernate.dialect.MySQL5Dialect
2019-04-26 19:58:49.239  INFO 5488 --- [main] j.LocalContainerEntityManagerFactoryBean : Initialized JPA EntityManagerFactory for persistence unit 'default'
2019-04-26 19:58:49.753  INFO 5488 --- [main] s.w.s.m.m.a.RequestMappingHandlerAdapter : Looking for @ControllerAdvice: org.springframework.boot.context.embedded.AnnotationConfigEmbeddedWebApplicationContext@7a69b07: startup date [Fri Apr 26 19:58:45 CST 2019]; root of context hierarchy
2019-04-26 19:58:49.813  INFO 5488 --- [main] s.w.s.m.m.a.RequestMappingHandlerMapping : Mapped "{[/merchants/drop],methods=[POST]}" onto public com.imooc.passbook.vo.Response com.imooc.passbook.controller.MerchantsCtl.dropPassTemplate(com.imooc.passbook.vo.PassTemplate)
2019-04-26 19:58:49.815  INFO 5488 --- [main] s.w.s.m.m.a.RequestMappingHandlerMapping : Mapped "{[/merchants/create],methods=[POST]}" onto public com.imooc.passbook.vo.Response com.imooc.passbook.controller.MerchantsCtl.createMerchants(com.imooc.passbook.vo.CreateMerchantsRequest)
2019-04-26 19:58:49.815  INFO 5488 --- [main] s.w.s.m.m.a.RequestMappingHandlerMapping : Mapped "{[/merchants/{id}],methods=[GET]}" onto public com.imooc.passbook.vo.Response com.imooc.passbook.controller.MerchantsCtl.buildMerchantsInfo(java.lang.Integer)
2019-04-26 19:58:49.817  INFO 5488 --- [main] s.w.s.m.m.a.RequestMappingHandlerMapping : Mapped "{[/error]}" onto public org.springframework.http.ResponseEntity<java.util.Map<java.lang.String, java.lang.Object>> org.springframework.boot.autoconfigure.web.BasicErrorController.error(javax.servlet.http.HttpServletRequest)
2019-04-26 19:58:49.817  INFO 5488 --- [main] s.w.s.m.m.a.RequestMappingHandlerMapping : Mapped "{[/error],produces=[text/html]}" onto public org.springframework.web.servlet.ModelAndView org.springframework.boot.autoconfigure.web.BasicErrorController.errorHtml(javax.servlet.http.HttpServletRequest,javax.servlet.http.HttpServletResponse)
2019-04-26 19:58:49.844  INFO 5488 --- [main] o.s.w.s.handler.SimpleUrlHandlerMapping  : Mapped URL path [/webjars/**] onto handler of type [class org.springframework.web.servlet.resource.ResourceHttpRequestHandler]
2019-04-26 19:58:49.844  INFO 5488 --- [main] o.s.w.s.handler.SimpleUrlHandlerMapping  : Mapped URL path [/**] onto handler of type [class org.springframework.web.servlet.resource.ResourceHttpRequestHandler]
2019-04-26 19:58:49.877  INFO 5488 --- [main] o.s.w.s.handler.SimpleUrlHandlerMapping  : Mapped URL path [/**/favicon.ico] onto handler of type [class org.springframework.web.servlet.resource.ResourceHttpRequestHandler]
2019-04-26 19:58:50.169  INFO 5488 --- [main] o.s.j.e.a.AnnotationMBeanExporter        : Registering beans for JMX exposure on startup
2019-04-26 19:58:50.176  INFO 5488 --- [main] o.s.c.support.DefaultLifecycleProcessor  : Starting beans in phase 2147483647
2019-04-26 19:58:50.220  INFO 5488 --- [main] s.b.c.e.t.TomcatEmbeddedServletContainer : Tomcat started on port(s): 9527 (http)
2019-04-26 19:58:50.224  INFO 5488 --- [main] com.imooc.passbook.MerchantsApplication  : Started MerchantsApplication in 4.682 seconds (JVM running for 8.105)
2019-04-26 22:25:01.865  INFO 1180 --- [main] com.imooc.passbook.MerchantsApplication  : Starting MerchantsApplication on QH-20190311WHOW with PID 1180 (E:\develop\coding-254\merchants\target\classes started by Administrator in E:\develop\coding-254\merchants)
2019-04-26 22:25:01.874  INFO 1180 --- [main] com.imooc.passbook.MerchantsApplication  : No active profile set, falling back to default profiles: default
2019-04-26 22:25:01.992  INFO 1180 --- [main] ationConfigEmbeddedWebApplicationContext : Refreshing org.springframework.boot.context.embedded.AnnotationConfigEmbeddedWebApplicationContext@5e82df6a: startup date [Fri Apr 26 22:25:01 CST 2019]; root of context hierarchy
2019-04-26 22:25:02.982  INFO 1180 --- [main] trationDelegate$BeanPostProcessorChecker : Bean 'org.springframework.kafka.annotation.KafkaBootstrapConfiguration' of type [org.springframework.kafka.annotation.KafkaBootstrapConfiguration$$EnhancerBySpringCGLIB$$a6086b41] is not eligible for getting processed by all BeanPostProcessors (for example: not eligible for auto-proxying)
2019-04-26 22:25:03.294  INFO 1180 --- [main] s.b.c.e.t.TomcatEmbeddedServletContainer : Tomcat initialized with port(s): 9527 (http)
2019-04-26 22:25:03.307  INFO 1180 --- [main] o.apache.catalina.core.StandardService   : Starting service [Tomcat]
2019-04-26 22:25:03.308  INFO 1180 --- [main] org.apache.catalina.core.StandardEngine  : Starting Servlet Engine: Apache Tomcat/8.5.16
2019-04-26 22:25:03.415  INFO 1180 --- [localhost-startStop-1] o.a.c.c.C.[Tomcat].[localhost].[/]       : Initializing Spring embedded WebApplicationContext
2019-04-26 22:25:03.415  INFO 1180 --- [localhost-startStop-1] o.s.web.context.ContextLoader            : Root WebApplicationContext: initialization completed in 1428 ms
2019-04-26 22:25:03.557  INFO 1180 --- [localhost-startStop-1] o.s.b.w.servlet.ServletRegistrationBean  : Mapping servlet: 'dispatcherServlet' to [/]
2019-04-26 22:25:03.561  INFO 1180 --- [localhost-startStop-1] o.s.b.w.servlet.FilterRegistrationBean   : Mapping filter: 'characterEncodingFilter' to: [/*]
2019-04-26 22:25:03.561  INFO 1180 --- [localhost-startStop-1] o.s.b.w.servlet.FilterRegistrationBean   : Mapping filter: 'hiddenHttpMethodFilter' to: [/*]
2019-04-26 22:25:03.561  INFO 1180 --- [localhost-startStop-1] o.s.b.w.servlet.FilterRegistrationBean   : Mapping filter: 'httpPutFormContentFilter' to: [/*]
2019-04-26 22:25:03.561  INFO 1180 --- [localhost-startStop-1] o.s.b.w.servlet.FilterRegistrationBean   : Mapping filter: 'requestContextFilter' to: [/*]
2019-04-26 22:25:03.983  INFO 1180 --- [main] j.LocalContainerEntityManagerFactoryBean : Building JPA container EntityManagerFactory for persistence unit 'default'
2019-04-26 22:25:03.995  INFO 1180 --- [main] o.hibernate.jpa.internal.util.LogHelper  : HHH000204: Processing PersistenceUnitInfo [
	name: default
	...]
2019-04-26 22:25:04.060  INFO 1180 --- [main] org.hibernate.Version                    : HHH000412: Hibernate Core {5.0.12.Final}
2019-04-26 22:25:04.061  INFO 1180 --- [main] org.hibernate.cfg.Environment            : HHH000206: hibernate.properties not found
2019-04-26 22:25:04.062  INFO 1180 --- [main] org.hibernate.cfg.Environment            : HHH000021: Bytecode provider name : javassist
2019-04-26 22:25:04.099  INFO 1180 --- [main] o.hibernate.annotations.common.Version   : HCANN000001: Hibernate Commons Annotations {5.0.1.Final}
2019-04-26 22:25:04.221  INFO 1180 --- [main] org.hibernate.dialect.Dialect            : HHH000400: Using dialect: org.hibernate.dialect.MySQL5Dialect
2019-04-26 22:25:04.708  INFO 1180 --- [main] j.LocalContainerEntityManagerFactoryBean : Initialized JPA EntityManagerFactory for persistence unit 'default'
2019-04-26 22:25:05.186  INFO 1180 --- [main] s.w.s.m.m.a.RequestMappingHandlerAdapter : Looking for @ControllerAdvice: org.springframework.boot.context.embedded.AnnotationConfigEmbeddedWebApplicationContext@5e82df6a: startup date [Fri Apr 26 22:25:01 CST 2019]; root of context hierarchy
2019-04-26 22:25:05.238  INFO 1180 --- [main] s.w.s.m.m.a.RequestMappingHandlerMapping : Mapped "{[/merchants/create],methods=[POST]}" onto public com.imooc.passbook.vo.Response com.imooc.passbook.controller.MerchantsCtl.createMerchants(com.imooc.passbook.vo.CreateMerchantsRequest)
2019-04-26 22:25:05.239  INFO 1180 --- [main] s.w.s.m.m.a.RequestMappingHandlerMapping : Mapped "{[/merchants/drop],methods=[POST]}" onto public com.imooc.passbook.vo.Response com.imooc.passbook.controller.MerchantsCtl.dropPassTemplate(com.imooc.passbook.vo.PassTemplate)
2019-04-26 22:25:05.240  INFO 1180 --- [main] s.w.s.m.m.a.RequestMappingHandlerMapping : Mapped "{[/merchants/{id}],methods=[GET]}" onto public com.imooc.passbook.vo.Response com.imooc.passbook.controller.MerchantsCtl.buildMerchantsInfo(java.lang.Integer)
2019-04-26 22:25:05.241  INFO 1180 --- [main] s.w.s.m.m.a.RequestMappingHandlerMapping : Mapped "{[/error]}" onto public org.springframework.http.ResponseEntity<java.util.Map<java.lang.String, java.lang.Object>> org.springframework.boot.autoconfigure.web.BasicErrorController.error(javax.servlet.http.HttpServletRequest)
2019-04-26 22:25:05.242  INFO 1180 --- [main] s.w.s.m.m.a.RequestMappingHandlerMapping : Mapped "{[/error],produces=[text/html]}" onto public org.springframework.web.servlet.ModelAndView org.springframework.boot.autoconfigure.web.BasicErrorController.errorHtml(javax.servlet.http.HttpServletRequest,javax.servlet.http.HttpServletResponse)
2019-04-26 22:25:05.269  INFO 1180 --- [main] o.s.w.s.handler.SimpleUrlHandlerMapping  : Mapped URL path [/webjars/**] onto handler of type [class org.springframework.web.servlet.resource.ResourceHttpRequestHandler]
2019-04-26 22:25:05.269  INFO 1180 --- [main] o.s.w.s.handler.SimpleUrlHandlerMapping  : Mapped URL path [/**] onto handler of type [class org.springframework.web.servlet.resource.ResourceHttpRequestHandler]
2019-04-26 22:25:05.302  INFO 1180 --- [main] o.s.w.s.handler.SimpleUrlHandlerMapping  : Mapped URL path [/**/favicon.ico] onto handler of type [class org.springframework.web.servlet.resource.ResourceHttpRequestHandler]
2019-04-26 22:25:05.625  INFO 1180 --- [main] o.s.j.e.a.AnnotationMBeanExporter        : Registering beans for JMX exposure on startup
2019-04-26 22:25:05.633  INFO 1180 --- [main] o.s.c.support.DefaultLifecycleProcessor  : Starting beans in phase 2147483647
2019-04-26 22:25:05.686  INFO 1180 --- [main] s.b.c.e.t.TomcatEmbeddedServletContainer : Tomcat started on port(s): 9527 (http)
2019-04-26 22:25:05.690  INFO 1180 --- [main] com.imooc.passbook.MerchantsApplication  : Started MerchantsApplication in 4.849 seconds (JVM running for 6.348)
2019-04-26 22:25:38.700  INFO 10124 --- [main] c.i.passbook.service.MerchantsServTest   : Starting MerchantsServTest on QH-20190311WHOW with PID 10124 (started by Administrator in E:\develop\coding-254\merchants)
2019-04-26 22:25:38.711  INFO 10124 --- [main] c.i.passbook.service.MerchantsServTest   : No active profile set, falling back to default profiles: default
2019-04-26 22:25:38.745  INFO 10124 --- [main] s.c.a.AnnotationConfigApplicationContext : Refreshing org.springframework.context.annotation.AnnotationConfigApplicationContext@4310d43: startup date [Fri Apr 26 22:25:38 CST 2019]; root of context hierarchy
2019-04-26 22:25:40.399  INFO 10124 --- [main] trationDelegate$BeanPostProcessorChecker : Bean 'org.springframework.kafka.annotation.KafkaBootstrapConfiguration' of type [org.springframework.kafka.annotation.KafkaBootstrapConfiguration$$EnhancerBySpringCGLIB$$ac3c0e3c] is not eligible for getting processed by all BeanPostProcessors (for example: not eligible for auto-proxying)
2019-04-26 22:25:41.240  INFO 10124 --- [main] j.LocalContainerEntityManagerFactoryBean : Building JPA container EntityManagerFactory for persistence unit 'default'
2019-04-26 22:25:41.256  INFO 10124 --- [main] o.hibernate.jpa.internal.util.LogHelper  : HHH000204: Processing PersistenceUnitInfo [
	name: default
	...]
2019-04-26 22:25:41.329  INFO 10124 --- [main] org.hibernate.Version                    : HHH000412: Hibernate Core {5.0.12.Final}
2019-04-26 22:25:41.331  INFO 10124 --- [main] org.hibernate.cfg.Environment            : HHH000206: hibernate.properties not found
2019-04-26 22:25:41.332  INFO 10124 --- [main] org.hibernate.cfg.Environment            : HHH000021: Bytecode provider name : javassist
2019-04-26 22:25:41.369  INFO 10124 --- [main] o.hibernate.annotations.common.Version   : HCANN000001: Hibernate Commons Annotations {5.0.1.Final}
2019-04-26 22:25:41.477  INFO 10124 --- [main] org.hibernate.dialect.Dialect            : HHH000400: Using dialect: org.hibernate.dialect.MySQL5Dialect
2019-04-26 22:25:42.211  INFO 10124 --- [main] j.LocalContainerEntityManagerFactoryBean : Initialized JPA EntityManagerFactory for persistence unit 'default'
2019-04-26 22:25:43.061  INFO 10124 --- [main] o.s.c.support.DefaultLifecycleProcessor  : Starting beans in phase 2147483647
2019-04-26 22:25:43.076  INFO 10124 --- [main] c.i.passbook.service.MerchantsServTest   : Started MerchantsServTest in 5.74 seconds (JVM running for 7.61)
2019-04-26 22:25:43.181  INFO 10124 --- [main] o.h.h.i.QueryTranslatorFactoryInitiator  : HHH000397: Using ASTQueryTranslatorFactory
2019-04-26 22:25:43.651  INFO 10124 --- [Thread-3] s.c.a.AnnotationConfigApplicationContext : Closing org.springframework.context.annotation.AnnotationConfigApplicationContext@4310d43: startup date [Fri Apr 26 22:25:38 CST 2019]; root of context hierarchy
2019-04-26 22:25:43.653  INFO 10124 --- [Thread-3] o.s.c.support.DefaultLifecycleProcessor  : Stopping beans in phase 2147483647
2019-04-26 22:25:43.654  INFO 10124 --- [Thread-3] o.s.c.support.DefaultLifecycleProcessor  : Stopping beans in phase 0
2019-04-26 22:25:43.656  INFO 10124 --- [Thread-3] j.LocalContainerEntityManagerFactoryBean : Closing JPA EntityManagerFactory for persistence unit 'default'
2019-04-26 22:29:25.071  INFO 10900 --- [main] c.i.passbook.service.MerchantsServTest   : Starting MerchantsServTest on QH-20190311WHOW with PID 10900 (started by Administrator in E:\develop\coding-254\merchants)
2019-04-26 22:29:25.073  INFO 10900 --- [main] c.i.passbook.service.MerchantsServTest   : No active profile set, falling back to default profiles: default
2019-04-26 22:29:25.176  INFO 10900 --- [main] s.c.a.AnnotationConfigApplicationContext : Refreshing org.springframework.context.annotation.AnnotationConfigApplicationContext@4310d43: startup date [Fri Apr 26 22:29:25 CST 2019]; root of context hierarchy
2019-04-26 22:29:26.645  INFO 10900 --- [main] trationDelegate$BeanPostProcessorChecker : Bean 'org.springframework.kafka.annotation.KafkaBootstrapConfiguration' of type [org.springframework.kafka.annotation.KafkaBootstrapConfiguration$$EnhancerBySpringCGLIB$$f616eb91] is not eligible for getting processed by all BeanPostProcessors (for example: not eligible for auto-proxying)
2019-04-26 22:29:27.654  INFO 10900 --- [main] j.LocalContainerEntityManagerFactoryBean : Building JPA container EntityManagerFactory for persistence unit 'default'
2019-04-26 22:29:27.671  INFO 10900 --- [main] o.hibernate.jpa.internal.util.LogHelper  : HHH000204: Processing PersistenceUnitInfo [
	name: default
	...]
2019-04-26 22:29:27.746  INFO 10900 --- [main] org.hibernate.Version                    : HHH000412: Hibernate Core {5.0.12.Final}
2019-04-26 22:29:27.747  INFO 10900 --- [main] org.hibernate.cfg.Environment            : HHH000206: hibernate.properties not found
2019-04-26 22:29:27.748  INFO 10900 --- [main] org.hibernate.cfg.Environment            : HHH000021: Bytecode provider name : javassist
2019-04-26 22:29:27.788  INFO 10900 --- [main] o.hibernate.annotations.common.Version   : HCANN000001: Hibernate Commons Annotations {5.0.1.Final}
2019-04-26 22:29:27.912  INFO 10900 --- [main] org.hibernate.dialect.Dialect            : HHH000400: Using dialect: org.hibernate.dialect.MySQL5Dialect
2019-04-26 22:29:28.699  INFO 10900 --- [main] j.LocalContainerEntityManagerFactoryBean : Initialized JPA EntityManagerFactory for persistence unit 'default'
2019-04-26 22:29:29.619  INFO 10900 --- [main] o.s.c.support.DefaultLifecycleProcessor  : Starting beans in phase 2147483647
2019-04-26 22:29:29.633  INFO 10900 --- [main] c.i.passbook.service.MerchantsServTest   : Started MerchantsServTest in 5.668 seconds (JVM running for 7.073)
2019-04-26 22:29:29.768  INFO 10900 --- [main] o.h.h.i.QueryTranslatorFactoryInitiator  : HHH000397: Using ASTQueryTranslatorFactory
2019-04-26 22:29:30.196  INFO 10900 --- [Thread-3] s.c.a.AnnotationConfigApplicationContext : Closing org.springframework.context.annotation.AnnotationConfigApplicationContext@4310d43: startup date [Fri Apr 26 22:29:25 CST 2019]; root of context hierarchy
2019-04-26 22:29:30.199  INFO 10900 --- [Thread-3] o.s.c.support.DefaultLifecycleProcessor  : Stopping beans in phase 2147483647
2019-04-26 22:29:30.199  INFO 10900 --- [Thread-3] o.s.c.support.DefaultLifecycleProcessor  : Stopping beans in phase 0
2019-04-26 22:29:30.202  INFO 10900 --- [Thread-3] j.LocalContainerEntityManagerFactoryBean : Closing JPA EntityManagerFactory for persistence unit 'default'
2019-04-26 22:34:05.390  INFO 6188 --- [main] c.i.passbook.service.MerchantsServTest   : Starting MerchantsServTest on QH-20190311WHOW with PID 6188 (started by Administrator in E:\develop\coding-254\merchants)
2019-04-26 22:34:05.392  INFO 6188 --- [main] c.i.passbook.service.MerchantsServTest   : No active profile set, falling back to default profiles: default
2019-04-26 22:34:05.462  INFO 6188 --- [main] s.c.a.AnnotationConfigApplicationContext : Refreshing org.springframework.context.annotation.AnnotationConfigApplicationContext@4310d43: startup date [Fri Apr 26 22:34:05 CST 2019]; root of context hierarchy
2019-04-26 22:34:07.202  INFO 6188 --- [main] trationDelegate$BeanPostProcessorChecker : Bean 'org.springframework.kafka.annotation.KafkaBootstrapConfiguration' of type [org.springframework.kafka.annotation.KafkaBootstrapConfiguration$$EnhancerBySpringCGLIB$$f616eb91] is not eligible for getting processed by all BeanPostProcessors (for example: not eligible for auto-proxying)
2019-04-26 22:34:08.109  INFO 6188 --- [main] j.LocalContainerEntityManagerFactoryBean : Building JPA container EntityManagerFactory for persistence unit 'default'
2019-04-26 22:34:08.124  INFO 6188 --- [main] o.hibernate.jpa.internal.util.LogHelper  : HHH000204: Processing PersistenceUnitInfo [
	name: default
	...]
2019-04-26 22:34:08.197  INFO 6188 --- [main] org.hibernate.Version                    : HHH000412: Hibernate Core {5.0.12.Final}
2019-04-26 22:34:08.199  INFO 6188 --- [main] org.hibernate.cfg.Environment            : HHH000206: hibernate.properties not found
2019-04-26 22:34:08.200  INFO 6188 --- [main] org.hibernate.cfg.Environment            : HHH000021: Bytecode provider name : javassist
2019-04-26 22:34:08.239  INFO 6188 --- [main] o.hibernate.annotations.common.Version   : HCANN000001: Hibernate Commons Annotations {5.0.1.Final}
2019-04-26 22:34:08.344  INFO 6188 --- [main] org.hibernate.dialect.Dialect            : HHH000400: Using dialect: org.hibernate.dialect.MySQL5Dialect
2019-04-26 22:34:09.076  INFO 6188 --- [main] j.LocalContainerEntityManagerFactoryBean : Initialized JPA EntityManagerFactory for persistence unit 'default'
2019-04-26 22:34:09.956  INFO 6188 --- [main] o.s.c.support.DefaultLifecycleProcessor  : Starting beans in phase 2147483647
2019-04-26 22:34:09.971  INFO 6188 --- [main] c.i.passbook.service.MerchantsServTest   : Started MerchantsServTest in 5.622 seconds (JVM running for 6.872)
2019-04-26 22:34:10.068  INFO 6188 --- [main] o.h.h.i.QueryTranslatorFactoryInitiator  : HHH000397: Using ASTQueryTranslatorFactory
2019-04-26 22:34:10.358  INFO 6188 --- [Thread-3] s.c.a.AnnotationConfigApplicationContext : Closing org.springframework.context.annotation.AnnotationConfigApplicationContext@4310d43: startup date [Fri Apr 26 22:34:05 CST 2019]; root of context hierarchy
2019-04-26 22:34:10.360  INFO 6188 --- [Thread-3] o.s.c.support.DefaultLifecycleProcessor  : Stopping beans in phase 2147483647
2019-04-26 22:34:10.361  INFO 6188 --- [Thread-3] o.s.c.support.DefaultLifecycleProcessor  : Stopping beans in phase 0
2019-04-26 22:34:10.368  INFO 6188 --- [Thread-3] j.LocalContainerEntityManagerFactoryBean : Closing JPA EntityManagerFactory for persistence unit 'default'
